[12:26:31] [Datafixer Bootstrap/INFO] (Minecraft) 180 Datafixer optimizations took 69 milliseconds
[12:26:32] [Render thread/INFO] (Minecraft) [STDOUT]: [12:26:32] [mixin/INFO] Mixing MinecraftMixin from client.mixins.json into net.minecraft.client.Minecraft
[12:26:32] [Render thread/INFO] (Minecraft) [STDERR]: [12:26:32] [mixin/WARN] client.mixins.json:MinecraftMixin from mod (unknown): Class version 61 required is higher than the class version supported by the current version of Mixin (JAVA_13 supports class version 57)
[12:26:32] [Render thread/INFO] (Minecraft) Environment: authHost='https://authserver.mojang.com', accountsHost='https://api.mojang.com', sessionHost='https://sessionserver.mojang.com', servicesHost='https://api.minecraftservices.com', name='PROD'
[12:26:33] [Render thread/INFO] (Minecraft) [STDOUT]: [12:26:33] [mixin/INFO] Mixing MinecraftMixin from client.mixins.json into net.minecraft.client.Minecraft
[12:26:33] [Render thread/INFO] (Minecraft) [STDOUT]: [12:26:33] [mixin/INFO] Mixing MinecraftMixin from client.mixins.json into net.minecraft.client.Minecraft
[12:26:33] [Render thread/ERROR] (Minecraft) Failed to verify authentication
com.mojang.authlib.exceptions.InvalidCredentialsException: Status: 401
	at com.mojang.authlib.exceptions.MinecraftClientHttpException.toAuthenticationException(MinecraftClientHttpException.java:56) ~[authlib-3.18.38.jar:?]
	at com.mojang.authlib.yggdrasil.YggdrasilUserApiService.fetchProperties(YggdrasilUserApiService.java:156) ~[authlib-3.18.38.jar:?]
	at com.mojang.authlib.yggdrasil.YggdrasilUserApiService.<init>(YggdrasilUserApiService.java:55) ~[authlib-3.18.38.jar:?]
	at com.mojang.authlib.yggdrasil.YggdrasilAuthenticationService.createUserApiService(YggdrasilAuthenticationService.java:161) ~[authlib-3.18.38.jar:?]
	at net.minecraft.client.Minecraft.createUserApiService(Minecraft.java:732) ~[?:?]
	at net.minecraft.client.Minecraft.<init>(Minecraft.java:440) ~[?:?]
	at net.minecraft.client.main.Main.main(Main.java:198) ~[?:?]
	at net.fabricmc.devlaunchinjector.Main.main(Main.java:86) ~[?:?]
Caused by: com.mojang.authlib.exceptions.MinecraftClientHttpException: Status: 401
	at com.mojang.authlib.minecraft.client.MinecraftClient.readInputStream(MinecraftClient.java:85) ~[authlib-3.18.38.jar:?]
	at com.mojang.authlib.minecraft.client.MinecraftClient.get(MinecraftClient.java:48) ~[authlib-3.18.38.jar:?]
	at com.mojang.authlib.yggdrasil.YggdrasilUserApiService.fetchProperties(YggdrasilUserApiService.java:129) ~[authlib-3.18.38.jar:?]
	... 6 more
[12:26:33] [Render thread/INFO] (Minecraft) Setting user: Player121
[12:26:33] [Render thread/INFO] (Minecraft) Backend library: LWJGL version 3.3.1 build 7
[12:26:33] [Render thread/ERROR] (Minecraft) Error while loading the narrator
com.mojang.text2speech.Narrator$InitializeException: Failed to load library flite
	at com.mojang.text2speech.NarratorLinux$FliteLibrary.loadNative(NarratorLinux.java:69) ~[?:?]
	at com.mojang.text2speech.NarratorLinux.<init>(NarratorLinux.java:18) ~[?:?]
	at com.mojang.text2speech.Narrator.getNarrator(Narrator.java:41) ~[?:?]
	at net.minecraft.client.GameNarrator.<init>(GameNarrator.java:17) ~[?:?]
	at net.minecraft.client.Minecraft.<init>(Minecraft.java:647) ~[?:?]
	at net.minecraft.client.main.Main.main(Main.java:198) ~[?:?]
	at net.fabricmc.devlaunchinjector.Main.main(Main.java:86) ~[?:?]
Caused by: java.lang.UnsatisfiedLinkError: Unable to load library 'flite':
libflite.so: cannot open shared object file: No such file or directory
libflite.so: cannot open shared object file: No such file or directory
Native library (linux-x86-64/libflite.so) not found in resource path ([])
	at com.sun.jna.NativeLibrary.loadLibrary(NativeLibrary.java:307) ~[jna-5.12.1.jar:5.12.1 (b0)]
	at com.sun.jna.NativeLibrary.getInstance(NativeLibrary.java:467) ~[jna-5.12.1.jar:5.12.1 (b0)]
	at com.sun.jna.NativeLibrary.getInstance(NativeLibrary.java:409) ~[jna-5.12.1.jar:5.12.1 (b0)]
	at com.mojang.text2speech.NarratorLinux$FliteLibrary.loadNative(NarratorLinux.java:67) ~[?:?]
	... 6 more
	Suppressed: java.lang.UnsatisfiedLinkError: libflite.so: cannot open shared object file: No such file or directory
		at com.sun.jna.Native.open(Native Method) ~[jna-5.12.1.jar:5.12.1 (b0)]
		at com.sun.jna.NativeLibrary.loadLibrary(NativeLibrary.java:197) ~[jna-5.12.1.jar:5.12.1 (b0)]
		at com.sun.jna.NativeLibrary.getInstance(NativeLibrary.java:467) ~[jna-5.12.1.jar:5.12.1 (b0)]
		at com.sun.jna.NativeLibrary.getInstance(NativeLibrary.java:409) ~[jna-5.12.1.jar:5.12.1 (b0)]
		at com.mojang.text2speech.NarratorLinux$FliteLibrary.loadNative(NarratorLinux.java:67) ~[?:?]
		at com.mojang.text2speech.NarratorLinux.<init>(NarratorLinux.java:18) ~[?:?]
		at com.mojang.text2speech.Narrator.getNarrator(Narrator.java:41) ~[?:?]
		at net.minecraft.client.GameNarrator.<init>(GameNarrator.java:17) ~[?:?]
		at net.minecraft.client.Minecraft.<init>(Minecraft.java:647) ~[?:?]
		at net.minecraft.client.main.Main.main(Main.java:198) ~[?:?]
		at net.fabricmc.devlaunchinjector.Main.main(Main.java:86) ~[?:?]
	Suppressed: java.lang.UnsatisfiedLinkError: libflite.so: cannot open shared object file: No such file or directory
		at com.sun.jna.Native.open(Native Method) ~[jna-5.12.1.jar:5.12.1 (b0)]
		at com.sun.jna.NativeLibrary.loadLibrary(NativeLibrary.java:210) ~[jna-5.12.1.jar:5.12.1 (b0)]
		at com.sun.jna.NativeLibrary.getInstance(NativeLibrary.java:467) ~[jna-5.12.1.jar:5.12.1 (b0)]
		at com.sun.jna.NativeLibrary.getInstance(NativeLibrary.java:409) ~[jna-5.12.1.jar:5.12.1 (b0)]
		at com.mojang.text2speech.NarratorLinux$FliteLibrary.loadNative(NarratorLinux.java:67) ~[?:?]
		at com.mojang.text2speech.NarratorLinux.<init>(NarratorLinux.java:18) ~[?:?]
		at com.mojang.text2speech.Narrator.getNarrator(Narrator.java:41) ~[?:?]
		at net.minecraft.client.GameNarrator.<init>(GameNarrator.java:17) ~[?:?]
		at net.minecraft.client.Minecraft.<init>(Minecraft.java:647) ~[?:?]
		at net.minecraft.client.main.Main.main(Main.java:198) ~[?:?]
		at net.fabricmc.devlaunchinjector.Main.main(Main.java:86) ~[?:?]
	Suppressed: java.io.IOException: Native library (linux-x86-64/libflite.so) not found in resource path ([])
		at com.sun.jna.Native.extractFromResourcePath(Native.java:1145) ~[jna-5.12.1.jar:5.12.1 (b0)]
		at com.sun.jna.NativeLibrary.loadLibrary(NativeLibrary.java:281) ~[jna-5.12.1.jar:5.12.1 (b0)]
		at com.sun.jna.NativeLibrary.getInstance(NativeLibrary.java:467) ~[jna-5.12.1.jar:5.12.1 (b0)]
		at com.sun.jna.NativeLibrary.getInstance(NativeLibrary.java:409) ~[jna-5.12.1.jar:5.12.1 (b0)]
		at com.mojang.text2speech.NarratorLinux$FliteLibrary.loadNative(NarratorLinux.java:67) ~[?:?]
		at com.mojang.text2speech.NarratorLinux.<init>(NarratorLinux.java:18) ~[?:?]
		at com.mojang.text2speech.Narrator.getNarrator(Narrator.java:41) ~[?:?]
		at net.minecraft.client.GameNarrator.<init>(GameNarrator.java:17) ~[?:?]
		at net.minecraft.client.Minecraft.<init>(Minecraft.java:647) ~[?:?]
		at net.minecraft.client.main.Main.main(Main.java:198) ~[?:?]
		at net.fabricmc.devlaunchinjector.Main.main(Main.java:86) ~[?:?]
[12:26:33] [Render thread/INFO] (Minecraft) Reloading ResourceManager: vanilla
[12:26:33] [Render thread/INFO] (Minecraft) [STDOUT]: [main] Minecraft Init MULTICLIENT
[12:26:34] [Render thread/WARN] (Minecraft) Missing sound for event: minecraft:item.brush.brushing
[12:26:34] [Render thread/WARN] (Minecraft) Missing sound for event: minecraft:item.brush.brush_sand_completed
[12:26:34] [Render thread/WARN] (Minecraft) Missing sound for event: minecraft:item.goat_horn.play
[12:26:34] [Render thread/WARN] (Minecraft) Missing sound for event: minecraft:entity.goat.screaming.horn_break
[12:26:34] [Render thread/WARN] (Minecraft) Missing sound for event: minecraft:music.overworld.cherry_grove
[12:26:34] [Render thread/INFO] (Minecraft) OpenAL initialized on device JACK Default
[12:26:34] [Render thread/INFO] (Minecraft) Sound engine started
[12:26:35] [Render thread/INFO] (Minecraft) Created: 1024x512x4 minecraft:textures/atlas/blocks.png-atlas
[12:26:35] [Render thread/INFO] (Minecraft) Created: 256x256x4 minecraft:textures/atlas/signs.png-atlas
[12:26:35] [Render thread/INFO] (Minecraft) Created: 512x512x4 minecraft:textures/atlas/shield_patterns.png-atlas
[12:26:35] [Render thread/INFO] (Minecraft) Created: 512x512x4 minecraft:textures/atlas/banner_patterns.png-atlas
[12:26:35] [Render thread/INFO] (Minecraft) Created: 1024x1024x4 minecraft:textures/atlas/armor_trims.png-atlas
[12:26:35] [Render thread/INFO] (Minecraft) Created: 64x64x4 minecraft:textures/atlas/decorated_pot.png-atlas
[12:26:35] [Render thread/INFO] (Minecraft) Created: 256x256x4 minecraft:textures/atlas/chest.png-atlas
[12:26:35] [Render thread/INFO] (Minecraft) Created: 512x256x4 minecraft:textures/atlas/shulker_boxes.png-atlas
[12:26:35] [Render thread/INFO] (Minecraft) Created: 512x256x4 minecraft:textures/atlas/beds.png-atlas
[12:26:35] [Render thread/WARN] (Minecraft) Shader rendertype_entity_translucent_emissive could not find sampler named Sampler2 in the specified shader program.
[12:26:35] [Render thread/INFO] (Minecraft) Created: 256x256x0 minecraft:textures/atlas/particles.png-atlas
[12:26:35] [Render thread/INFO] (Minecraft) Created: 256x256x0 minecraft:textures/atlas/paintings.png-atlas
[12:26:35] [Render thread/INFO] (Minecraft) Created: 128x128x0 minecraft:textures/atlas/mob_effects.png-atlas
[12:27:54] [Render thread/ERROR] (Minecraft) Error while loading the narrator
com.mojang.text2speech.Narrator$InitializeException: Failed to load library flite
	at com.mojang.text2speech.NarratorLinux$FliteLibrary.loadNative(NarratorLinux.java:69) ~[?:?]
	at com.mojang.text2speech.NarratorLinux.<init>(NarratorLinux.java:18) ~[?:?]
	at com.mojang.text2speech.Narrator.getNarrator(Narrator.java:41) ~[?:?]
	at net.minecraft.client.gui.screens.AccessibilityOnboardingScreen.closeAndSetScreen(AccessibilityOnboardingScreen.java:97) ~[?:?]
	at net.minecraft.client.gui.screens.AccessibilityOnboardingScreen.onClose(AccessibilityOnboardingScreen.java:90) ~[?:?]
	at net.minecraft.client.gui.screens.AccessibilityOnboardingScreen.method_48639(AccessibilityOnboardingScreen.java:74) ~[?:?]
	at net.minecraft.client.gui.components.Button.onPress(Button.java:94) ~[?:?]
	at net.minecraft.client.gui.components.AbstractButton.onClick(AbstractButton.java:57) ~[?:?]
	at net.minecraft.client.gui.components.AbstractWidget.mouseClicked(AbstractWidget.java:187) ~[?:?]
	at net.minecraft.client.gui.components.events.ContainerEventHandler.mouseClicked(ContainerEventHandler.java:38) ~[?:?]
	at net.minecraft.client.MouseHandler.method_1611(MouseHandler.java:98) ~[?:?]
	at net.minecraft.client.gui.screens.Screen.wrapScreenError(Screen.java:540) ~[?:?]
	at net.minecraft.client.MouseHandler.onPress(MouseHandler.java:98) ~[?:?]
	at net.minecraft.client.MouseHandler.method_22686(MouseHandler.java:169) ~[?:?]
	at net.minecraft.util.thread.BlockableEventLoop.execute(BlockableEventLoop.java:102) ~[?:?]
	at net.minecraft.client.MouseHandler.method_22684(MouseHandler.java:169) ~[?:?]
	at org.lwjgl.glfw.GLFWMouseButtonCallbackI.callback(GLFWMouseButtonCallbackI.java:43) ~[?:?]
	at org.lwjgl.system.JNI.invokeV(Native Method) ~[?:?]
	at org.lwjgl.glfw.GLFW.glfwWaitEventsTimeout(GLFW.java:3474) ~[?:?]
	at com.mojang.blaze3d.systems.RenderSystem.limitDisplayFPS(RenderSystem.java:234) ~[?:?]
	at net.minecraft.client.Minecraft.runTick(Minecraft.java:1241) ~[?:?]
	at net.minecraft.client.Minecraft.run(Minecraft.java:801) ~[?:?]
	at net.minecraft.client.main.Main.main(Main.java:237) ~[?:?]
	at net.fabricmc.devlaunchinjector.Main.main(Main.java:86) ~[?:?]
Caused by: java.lang.UnsatisfiedLinkError: Unable to load library 'flite':
libflite.so: cannot open shared object file: No such file or directory
libflite.so: cannot open shared object file: No such file or directory
Native library (linux-x86-64/libflite.so) not found in resource path ([])
	at com.sun.jna.NativeLibrary.loadLibrary(NativeLibrary.java:307) ~[jna-5.12.1.jar:5.12.1 (b0)]
	at com.sun.jna.NativeLibrary.getInstance(NativeLibrary.java:467) ~[jna-5.12.1.jar:5.12.1 (b0)]
	at com.sun.jna.NativeLibrary.getInstance(NativeLibrary.java:409) ~[jna-5.12.1.jar:5.12.1 (b0)]
	at com.mojang.text2speech.NarratorLinux$FliteLibrary.loadNative(NarratorLinux.java:67) ~[?:?]
	... 23 more
	Suppressed: java.lang.UnsatisfiedLinkError: libflite.so: cannot open shared object file: No such file or directory
		at com.sun.jna.Native.open(Native Method) ~[jna-5.12.1.jar:5.12.1 (b0)]
		at com.sun.jna.NativeLibrary.loadLibrary(NativeLibrary.java:197) ~[jna-5.12.1.jar:5.12.1 (b0)]
		at com.sun.jna.NativeLibrary.getInstance(NativeLibrary.java:467) ~[jna-5.12.1.jar:5.12.1 (b0)]
		at com.sun.jna.NativeLibrary.getInstance(NativeLibrary.java:409) ~[jna-5.12.1.jar:5.12.1 (b0)]
		at com.mojang.text2speech.NarratorLinux$FliteLibrary.loadNative(NarratorLinux.java:67) ~[?:?]
		at com.mojang.text2speech.NarratorLinux.<init>(NarratorLinux.java:18) ~[?:?]
		at com.mojang.text2speech.Narrator.getNarrator(Narrator.java:41) ~[?:?]
		at net.minecraft.client.gui.screens.AccessibilityOnboardingScreen.closeAndSetScreen(AccessibilityOnboardingScreen.java:97) ~[?:?]
		at net.minecraft.client.gui.screens.AccessibilityOnboardingScreen.onClose(AccessibilityOnboardingScreen.java:90) ~[?:?]
		at net.minecraft.client.gui.screens.AccessibilityOnboardingScreen.method_48639(AccessibilityOnboardingScreen.java:74) ~[?:?]
		at net.minecraft.client.gui.components.Button.onPress(Button.java:94) ~[?:?]
		at net.minecraft.client.gui.components.AbstractButton.onClick(AbstractButton.java:57) ~[?:?]
		at net.minecraft.client.gui.components.AbstractWidget.mouseClicked(AbstractWidget.java:187) ~[?:?]
		at net.minecraft.client.gui.components.events.ContainerEventHandler.mouseClicked(ContainerEventHandler.java:38) ~[?:?]
		at net.minecraft.client.MouseHandler.method_1611(MouseHandler.java:98) ~[?:?]
		at net.minecraft.client.gui.screens.Screen.wrapScreenError(Screen.java:540) ~[?:?]
		at net.minecraft.client.MouseHandler.onPress(MouseHandler.java:98) ~[?:?]
		at net.minecraft.client.MouseHandler.method_22686(MouseHandler.java:169) ~[?:?]
		at net.minecraft.util.thread.BlockableEventLoop.execute(BlockableEventLoop.java:102) ~[?:?]
		at net.minecraft.client.MouseHandler.method_22684(MouseHandler.java:169) ~[?:?]
		at org.lwjgl.glfw.GLFWMouseButtonCallbackI.callback(GLFWMouseButtonCallbackI.java:43) ~[?:?]
		at org.lwjgl.system.JNI.invokeV(Native Method) ~[?:?]
		at org.lwjgl.glfw.GLFW.glfwWaitEventsTimeout(GLFW.java:3474) ~[?:?]
		at com.mojang.blaze3d.systems.RenderSystem.limitDisplayFPS(RenderSystem.java:234) ~[?:?]
		at net.minecraft.client.Minecraft.runTick(Minecraft.java:1241) ~[?:?]
		at net.minecraft.client.Minecraft.run(Minecraft.java:801) ~[?:?]
		at net.minecraft.client.main.Main.main(Main.java:237) ~[?:?]
		at net.fabricmc.devlaunchinjector.Main.main(Main.java:86) ~[?:?]
	Suppressed: java.lang.UnsatisfiedLinkError: libflite.so: cannot open shared object file: No such file or directory
		at com.sun.jna.Native.open(Native Method) ~[jna-5.12.1.jar:5.12.1 (b0)]
		at com.sun.jna.NativeLibrary.loadLibrary(NativeLibrary.java:210) ~[jna-5.12.1.jar:5.12.1 (b0)]
		at com.sun.jna.NativeLibrary.getInstance(NativeLibrary.java:467) ~[jna-5.12.1.jar:5.12.1 (b0)]
		at com.sun.jna.NativeLibrary.getInstance(NativeLibrary.java:409) ~[jna-5.12.1.jar:5.12.1 (b0)]
		at com.mojang.text2speech.NarratorLinux$FliteLibrary.loadNative(NarratorLinux.java:67) ~[?:?]
		at com.mojang.text2speech.NarratorLinux.<init>(NarratorLinux.java:18) ~[?:?]
		at com.mojang.text2speech.Narrator.getNarrator(Narrator.java:41) ~[?:?]
		at net.minecraft.client.gui.screens.AccessibilityOnboardingScreen.closeAndSetScreen(AccessibilityOnboardingScreen.java:97) ~[?:?]
		at net.minecraft.client.gui.screens.AccessibilityOnboardingScreen.onClose(AccessibilityOnboardingScreen.java:90) ~[?:?]
		at net.minecraft.client.gui.screens.AccessibilityOnboardingScreen.method_48639(AccessibilityOnboardingScreen.java:74) ~[?:?]
		at net.minecraft.client.gui.components.Button.onPress(Button.java:94) ~[?:?]
		at net.minecraft.client.gui.components.AbstractButton.onClick(AbstractButton.java:57) ~[?:?]
		at net.minecraft.client.gui.components.AbstractWidget.mouseClicked(AbstractWidget.java:187) ~[?:?]
		at net.minecraft.client.gui.components.events.ContainerEventHandler.mouseClicked(ContainerEventHandler.java:38) ~[?:?]
		at net.minecraft.client.MouseHandler.method_1611(MouseHandler.java:98) ~[?:?]
		at net.minecraft.client.gui.screens.Screen.wrapScreenError(Screen.java:540) ~[?:?]
		at net.minecraft.client.MouseHandler.onPress(MouseHandler.java:98) ~[?:?]
		at net.minecraft.client.MouseHandler.method_22686(MouseHandler.java:169) ~[?:?]
		at net.minecraft.util.thread.BlockableEventLoop.execute(BlockableEventLoop.java:102) ~[?:?]
		at net.minecraft.client.MouseHandler.method_22684(MouseHandler.java:169) ~[?:?]
		at org.lwjgl.glfw.GLFWMouseButtonCallbackI.callback(GLFWMouseButtonCallbackI.java:43) ~[?:?]
		at org.lwjgl.system.JNI.invokeV(Native Method) ~[?:?]
		at org.lwjgl.glfw.GLFW.glfwWaitEventsTimeout(GLFW.java:3474) ~[?:?]
		at com.mojang.blaze3d.systems.RenderSystem.limitDisplayFPS(RenderSystem.java:234) ~[?:?]
		at net.minecraft.client.Minecraft.runTick(Minecraft.java:1241) ~[?:?]
		at net.minecraft.client.Minecraft.run(Minecraft.java:801) ~[?:?]
		at net.minecraft.client.main.Main.main(Main.java:237) ~[?:?]
		at net.fabricmc.devlaunchinjector.Main.main(Main.java:86) ~[?:?]
	Suppressed: java.io.IOException: Native library (linux-x86-64/libflite.so) not found in resource path ([])
		at com.sun.jna.Native.extractFromResourcePath(Native.java:1145) ~[jna-5.12.1.jar:5.12.1 (b0)]
		at com.sun.jna.NativeLibrary.loadLibrary(NativeLibrary.java:281) ~[jna-5.12.1.jar:5.12.1 (b0)]
		at com.sun.jna.NativeLibrary.getInstance(NativeLibrary.java:467) ~[jna-5.12.1.jar:5.12.1 (b0)]
		at com.sun.jna.NativeLibrary.getInstance(NativeLibrary.java:409) ~[jna-5.12.1.jar:5.12.1 (b0)]
		at com.mojang.text2speech.NarratorLinux$FliteLibrary.loadNative(NarratorLinux.java:67) ~[?:?]
		at com.mojang.text2speech.NarratorLinux.<init>(NarratorLinux.java:18) ~[?:?]
		at com.mojang.text2speech.Narrator.getNarrator(Narrator.java:41) ~[?:?]
		at net.minecraft.client.gui.screens.AccessibilityOnboardingScreen.closeAndSetScreen(AccessibilityOnboardingScreen.java:97) ~[?:?]
		at net.minecraft.client.gui.screens.AccessibilityOnboardingScreen.onClose(AccessibilityOnboardingScreen.java:90) ~[?:?]
		at net.minecraft.client.gui.screens.AccessibilityOnboardingScreen.method_48639(AccessibilityOnboardingScreen.java:74) ~[?:?]
		at net.minecraft.client.gui.components.Button.onPress(Button.java:94) ~[?:?]
		at net.minecraft.client.gui.components.AbstractButton.onClick(AbstractButton.java:57) ~[?:?]
		at net.minecraft.client.gui.components.AbstractWidget.mouseClicked(AbstractWidget.java:187) ~[?:?]
		at net.minecraft.client.gui.components.events.ContainerEventHandler.mouseClicked(ContainerEventHandler.java:38) ~[?:?]
		at net.minecraft.client.MouseHandler.method_1611(MouseHandler.java:98) ~[?:?]
		at net.minecraft.client.gui.screens.Screen.wrapScreenError(Screen.java:540) ~[?:?]
		at net.minecraft.client.MouseHandler.onPress(MouseHandler.java:98) ~[?:?]
		at net.minecraft.client.MouseHandler.method_22686(MouseHandler.java:169) ~[?:?]
		at net.minecraft.util.thread.BlockableEventLoop.execute(BlockableEventLoop.java:102) ~[?:?]
		at net.minecraft.client.MouseHandler.method_22684(MouseHandler.java:169) ~[?:?]
		at org.lwjgl.glfw.GLFWMouseButtonCallbackI.callback(GLFWMouseButtonCallbackI.java:43) ~[?:?]
		at org.lwjgl.system.JNI.invokeV(Native Method) ~[?:?]
		at org.lwjgl.glfw.GLFW.glfwWaitEventsTimeout(GLFW.java:3474) ~[?:?]
		at com.mojang.blaze3d.systems.RenderSystem.limitDisplayFPS(RenderSystem.java:234) ~[?:?]
		at net.minecraft.client.Minecraft.runTick(Minecraft.java:1241) ~[?:?]
		at net.minecraft.client.Minecraft.run(Minecraft.java:801) ~[?:?]
		at net.minecraft.client.main.Main.main(Main.java:237) ~[?:?]
		at net.fabricmc.devlaunchinjector.Main.main(Main.java:86) ~[?:?]
[12:27:55] [Realms Notification Availability checker #1/INFO] (Minecraft) Could not authorize you against Realms server: Invalid session id
[12:27:56] [Render thread/INFO] (Minecraft) [STDOUT]: [main] Minecraft Shutdown 1.19.4
[12:27:56] [Render thread/INFO] (Minecraft) [STDOUT]: [main] Minecraft Shutdown 1.19.4
[12:27:56] [Render thread/INFO] (Minecraft) Stopping!
